[debug] [2025-11-29T17:34:39.090Z] ----------------------------------------------------------------------
[debug] [2025-11-29T17:34:39.096Z] Command:       C:\Program Files\nodejs\node.exe C:\Users\MAYOMBO\AppData\Roaming\npm\node_modules\firebase-tools\lib\bin\firebase.js init hosting
[debug] [2025-11-29T17:34:39.096Z] CLI Version:   14.26.0
[debug] [2025-11-29T17:34:39.097Z] Platform:      win32
[debug] [2025-11-29T17:34:39.097Z] Node Version:  v22.20.0
[debug] [2025-11-29T17:34:39.097Z] Time:          Sat Nov 29 2025 18:34:39 GMT+0100 (heure normale d’Europe centrale)
[debug] [2025-11-29T17:34:39.098Z] ----------------------------------------------------------------------
[debug] 
[info] 
     ######## #### ########  ######## ########     ###     ######  ########
     ##        ##  ##     ## ##       ##     ##  ##   ##  ##       ##
     ######    ##  ########  ######   ########  #########  ######  ######
     ##        ##  ##    ##  ##       ##     ## ##     ##       ## ##
     ##       #### ##     ## ######## ########  ##     ##  ######  ########

You're about to initialize a Firebase project in this directory:

  C:\Users\MAYOMBO\Desktop\arbre-a-palabres - Copie\frontend

[info] 
=== Project Setup
[info] 
[info] First, let's associate this project directory with a Firebase project.
[info] You can create multiple project aliases by running firebase use --add, 
[info] 
