{"error":"Transaction validation failed: methode_retrait: `null` is not a valid enum value for path `methode_retrait`.","level":"error","message":"Erreur inscription:","service":"arbre-palabres-backend","stack":"ValidationError: Transaction validation failed: methode_retrait: `null` is not a valid enum value for path `methode_retrait`.\n    at model.Object.<anonymous>.Document.invalidate (C:\\Users\\MAYOMBO\\Desktop\\arbre-a-palabres - Copie\\backend\\node_modules\\mongoose\\lib\\document.js:3219:32)\n    at C:\\Users\\MAYOMBO\\Desktop\\arbre-a-palabres - Copie\\backend\\node_modules\\mongoose\\lib\\document.js:3012:17\n    at C:\\Users\\MAYOMBO\\Desktop\\arbre-a-palabres - Copie\\backend\\node_modules\\mongoose\\lib\\schematype.js:1368:9\n    at processTicksAndRejections (node:internal/process/task_queues:85:11)","timestamp":"2025-11-30 11:49:22"}
{"error":"Transaction validation failed: methode_retrait: `null` is not a valid enum value for path `methode_retrait`.","level":"error","message":"Erreur inscription:","service":"arbre-palabres-backend","stack":"ValidationError: Transaction validation failed: methode_retrait: `null` is not a valid enum value for path `methode_retrait`.\n    at model.Object.<anonymous>.Document.invalidate (C:\\Users\\MAYOMBO\\Desktop\\arbre-a-palabres - Copie\\backend\\node_modules\\mongoose\\lib\\document.js:3219:32)\n    at C:\\Users\\MAYOMBO\\Desktop\\arbre-a-palabres - Copie\\backend\\node_modules\\mongoose\\lib\\document.js:3012:17\n    at C:\\Users\\MAYOMBO\\Desktop\\arbre-a-palabres - Copie\\backend\\node_modules\\mongoose\\lib\\schematype.js:1368:9\n    at processTicksAndRejections (node:internal/process/task_queues:85:11)","timestamp":"2025-11-30 11:51:16"}
{"error":"Transaction validation failed: methode_retrait: `null` is not a valid enum value for path `methode_retrait`.","level":"error","message":"Erreur inscription:","service":"arbre-palabres-backend","stack":"ValidationError: Transaction validation failed: methode_retrait: `null` is not a valid enum value for path `methode_retrait`.\n    at model.Object.<anonymous>.Document.invalidate (C:\\Users\\MAYOMBO\\Desktop\\arbre-a-palabres - Copie\\backend\\node_modules\\mongoose\\lib\\document.js:3219:32)\n    at C:\\Users\\MAYOMBO\\Desktop\\arbre-a-palabres - Copie\\backend\\node_modules\\mongoose\\lib\\document.js:3012:17\n    at C:\\Users\\MAYOMBO\\Desktop\\arbre-a-palabres - Copie\\backend\\node_modules\\mongoose\\lib\\schematype.js:1368:9\n    at processTicksAndRejections (node:internal/process/task_queues:85:11)","timestamp":"2025-11-30 11:52:35"}
{"level":"info","message":"🚀 Backend opérationnel sur le port 5001","service":"arbre-palabres-backend","timestamp":"2025-11-30 12:22:21"}
{"level":"info","message":"🚀 Backend opérationnel sur le port 5001","service":"arbre-palabres-backend","timestamp":"2025-11-30 23:16:39"}
{"level":"info","message":"🚀 Backend opérationnel sur le port 5001","service":"arbre-palabres-backend","timestamp":"2025-11-30 23:27:44"}
{"level":"info","message":"🚀 Backend opérationnel sur le port 5001","service":"arbre-palabres-backend","timestamp":"2025-12-01 00:07:28"}
{"level":"info","message":"🚀 Backend opérationnel sur le port 5001","service":"arbre-palabres-backend","timestamp":"2025-12-01 00:08:02"}
{"level":"info","message":"✅ Socket.io initialisé","service":"arbre-palabres-backend","timestamp":"2025-12-01 00:08:22"}
{"level":"info","message":"🚀 Backend opérationnel sur le port 5001","service":"arbre-palabres-backend","timestamp":"2025-12-01 00:08:22"}
{"level":"info","message":"✅ Socket.io initialisé","service":"arbre-palabres-backend","timestamp":"2025-12-01 00:10:18"}
{"level":"info","message":"🚀 Backend opérationnel sur le port 5001","service":"arbre-palabres-backend","timestamp":"2025-12-01 00:10:19"}
{"level":"info","message":"✅ Socket.io initialisé","service":"arbre-palabres-backend","timestamp":"2025-12-01 00:13:11"}
{"level":"info","message":"🚀 Backend opérationnel sur le port 5001","service":"arbre-palabres-backend","timestamp":"2025-12-01 00:13:11"}
{"level":"info","message":"✅ Socket.io initialisé","service":"arbre-palabres-backend","timestamp":"2025-12-01 00:40:03"}
{"level":"info","message":"🚀 Backend opérationnel sur le port 5001","service":"arbre-palabres-backend","timestamp":"2025-12-01 00:40:03"}
{"level":"info","message":"✅ Socket.io initialisé","service":"arbre-palabres-backend","timestamp":"2025-12-01 01:05:28"}
{"level":"info","message":"🚀 Backend opérationnel sur le port 5001","service":"arbre-palabres-backend","timestamp":"2025-12-01 01:05:28"}
{"level":"info","message":"✅ Socket.io initialisé","service":"arbre-palabres-backend","timestamp":"2025-12-01 01:07:14"}
{"level":"info","message":"🚀 Backend opérationnel sur le port 5001","service":"arbre-palabres-backend","timestamp":"2025-12-01 01:07:14"}
{"body":{},"level":"error","message":"Not allowed by CORS","method":"OPTIONS","path":"/api/candidats/inscription","service":"arbre-palabres-backend","stack":"Error: Not allowed by CORS\n    at origin (C:\\Users\\MAYOMBO\\Desktop\\arbre-a-palabres - Copie\\backend\\server.js:62:23)\n    at C:\\Users\\MAYOMBO\\Desktop\\arbre-a-palabres - Copie\\backend\\node_modules\\cors\\lib\\index.js:219:13\n    at optionsCallback (C:\\Users\\MAYOMBO\\Desktop\\arbre-a-palabres - Copie\\backend\\node_modules\\cors\\lib\\index.js:199:9)\n    at corsMiddleware (C:\\Users\\MAYOMBO\\Desktop\\arbre-a-palabres - Copie\\backend\\node_modules\\cors\\lib\\index.js:204:7)\n    at Layer.handle [as handle_request] (C:\\Users\\MAYOMBO\\Desktop\\arbre-a-palabres - Copie\\backend\\node_modules\\express\\lib\\router\\layer.js:95:5)\n    at trim_prefix (C:\\Users\\MAYOMBO\\Desktop\\arbre-a-palabres - Copie\\backend\\node_modules\\express\\lib\\router\\index.js:328:13)\n    at C:\\Users\\MAYOMBO\\Desktop\\arbre-a-palabres - Copie\\backend\\node_modules\\express\\lib\\router\\index.js:286:9\n    at Function.process_params (C:\\Users\\MAYOMBO\\Desktop\\arbre-a-palabres - Copie\\backend\\node_modules\\express\\lib\\router\\index.js:346:12)\n    at next (C:\\Users\\MAYOMBO\\Desktop\\arbre-a-palabres - Copie\\backend\\node_modules\\express\\lib\\router\\index.js:280:10)\n    at C:\\Users\\MAYOMBO\\Desktop\\arbre-a-palabres - Copie\\backend\\node_modules\\express-mongo-sanitize\\index.js:122:5","timestamp":"2025-12-01 01:09:41"}
{"level":"info","message":"✅ Socket.io initialisé","service":"arbre-palabres-backend","timestamp":"2025-12-01 07:49:46"}
{"level":"info","message":"✅ Socket.io initialisé","service":"arbre-palabres-backend","timestamp":"2025-12-01 07:49:46"}
{"level":"info","message":"✅ Socket.io initialisé","service":"arbre-palabres-backend","timestamp":"2025-12-01 07:49:46"}
{"level":"info","message":"🚀 Backend opérationnel sur le port 5001","service":"arbre-palabres-backend","timestamp":"2025-12-01 07:49:46"}
{"error":"La nationalité gabonaise est requise","level":"error","message":"Erreur inscription:","service":"arbre-palabres-backend","stack":"Error: La nationalité gabonaise est requise\n    at soumettreCandidature (C:\\Users\\MAYOMBO\\Desktop\\arbre-a-palabres - Copie\\backend\\utils\\calculsFinanciers.js:146:11)\n    at soumettreCandidature (C:\\Users\\MAYOMBO\\Desktop\\arbre-a-palabres - Copie\\backend\\routes\\candidats.js:41:30)\n    at processTicksAndRejections (node:internal/process/task_queues:105:5)","timestamp":"2025-12-01 07:49:48"}
{"candidatId":"692d3a8ac031ab20a893e29c","level":"info","message":"Demande de retrait créée","montant":10000,"service":"arbre-palabres-backend","timestamp":"2025-12-01 07:49:49","transactionId":"692d3a8dc031ab20a893e2ac"}
{"level":"info","message":"✅ Socket.io initialisé","service":"arbre-palabres-backend","timestamp":"2025-12-01 07:49:51"}
{"level":"info","message":"✅ Socket.io initialisé","service":"arbre-palabres-backend","timestamp":"2025-12-01 07:49:51"}
{"level":"info","message":"✅ Socket.io initialisé","service":"arbre-palabres-backend","timestamp":"2025-12-01 07:50:15"}
{"level":"info","message":"🚀 Backend opérationnel sur le port 5001","service":"arbre-palabres-backend","timestamp":"2025-12-01 07:50:15"}
{"level":"info","message":"✅ Socket.io initialisé","service":"arbre-palabres-backend","timestamp":"2025-12-01 07:50:48"}
{"level":"info","message":"✅ Socket.io initialisé","service":"arbre-palabres-backend","timestamp":"2025-12-01 07:51:21"}
